Determining if the pthread_create exist failed with the following output:
Change Dir: /home/dhaivat666/catkin_zed/build/CMakeFiles/CMakeTmp

Run Build Command:"/usr/bin/make" "cmTryCompileExec1715029222/fast"
/usr/bin/make -f CMakeFiles/cmTryCompileExec1715029222.dir/build.make CMakeFiles/cmTryCompileExec1715029222.dir/build
make[1]: Entering directory `/home/dhaivat666/catkin_zed/build/CMakeFiles/CMakeTmp'
/usr/bin/cmake -E cmake_progress_report /home/dhaivat666/catkin_zed/build/CMakeFiles/CMakeTmp/CMakeFiles 1
Building C object CMakeFiles/cmTryCompileExec1715029222.dir/CheckSymbolExists.c.o
/usr/bin/cc    -o CMakeFiles/cmTryCompileExec1715029222.dir/CheckSymbolExists.c.o   -c /home/dhaivat666/catkin_zed/build/CMakeFiles/CMakeTmp/CheckSymbolExists.c
Linking C executable cmTryCompileExec1715029222
/usr/bin/cmake -E cmake_link_script CMakeFiles/cmTryCompileExec1715029222.dir/link.txt --verbose=1
/usr/bin/cc       CMakeFiles/cmTryCompileExec1715029222.dir/CheckSymbolExists.c.o  -o cmTryCompileExec1715029222 -rdynamic 
CMakeFiles/cmTryCompileExec1715029222.dir/CheckSymbolExists.c.o: In function `main':
CheckSymbolExists.c:(.text+0x16): undefined reference to `pthread_create'
collect2: error: ld returned 1 exit status
make[1]: Leaving directory `/home/dhaivat666/catkin_zed/build/CMakeFiles/CMakeTmp'
make[1]: *** [cmTryCompileExec1715029222] Error 1
make: *** [cmTryCompileExec1715029222/fast] Error 2

File /home/dhaivat666/catkin_zed/build/CMakeFiles/CMakeTmp/CheckSymbolExists.c:
/* */
#include <pthread.h>

int main(int argc, char** argv)
{
  (void)argv;
#ifndef pthread_create
  return ((int*)(&pthread_create))[argc];
#else
  (void)argc;
  return 0;
#endif
}

Determining if the function pthread_create exists in the pthreads failed with the following output:
Change Dir: /home/dhaivat666/catkin_zed/build/CMakeFiles/CMakeTmp

Run Build Command:"/usr/bin/make" "cmTryCompileExec2276450727/fast"
/usr/bin/make -f CMakeFiles/cmTryCompileExec2276450727.dir/build.make CMakeFiles/cmTryCompileExec2276450727.dir/build
make[1]: Entering directory `/home/dhaivat666/catkin_zed/build/CMakeFiles/CMakeTmp'
/usr/bin/cmake -E cmake_progress_report /home/dhaivat666/catkin_zed/build/CMakeFiles/CMakeTmp/CMakeFiles 1
Building C object CMakeFiles/cmTryCompileExec2276450727.dir/CheckFunctionExists.c.o
/usr/bin/cc   -DCHECK_FUNCTION_EXISTS=pthread_create   -o CMakeFiles/cmTryCompileExec2276450727.dir/CheckFunctionExists.c.o   -c /usr/share/cmake-3.2/Modules/CheckFunctionExists.c
Linking C executable cmTryCompileExec2276450727
/usr/bin/cmake -E cmake_link_script CMakeFiles/cmTryCompileExec2276450727.dir/link.txt --verbose=1
/usr/bin/cc   -DCHECK_FUNCTION_EXISTS=pthread_create    CMakeFiles/cmTryCompileExec2276450727.dir/CheckFunctionExists.c.o  -o cmTryCompileExec2276450727 -rdynamic -lpthreads 
/usr/bin/ld: cannot find -lpthreads
collect2: error: ld returned 1 exit status
make[1]: *** [cmTryCompileExec2276450727] Error 1
make[1]: Leaving directory `/home/dhaivat666/catkin_zed/build/CMakeFiles/CMakeTmp'
make: *** [cmTryCompileExec2276450727/fast] Error 2


